# JRE version: OpenJDK Runtime Environment (8.0_372-b07) (build 1.8.0_372-b07)
# Java VM: OpenJDK 64-Bit Server VM (25.372-b07 mixed mode windows-amd64 compressed oops)
Heap:
 PSYoungGen      total 1338880K, used 82833K [0x000000076ab00000, 0x00000007c0000000, 0x00000007c0000000)
  eden space 1338368K, 6% used [0x000000076ab00000,0x000000076fbe4570,0x00000007bc600000)
  from space 512K, 0% used [0x00000007bc600000,0x00000007bc600000,0x00000007bc680000)
  to   space 30208K, 0% used [0x00000007be280000,0x00000007be280000,0x00000007c0000000)
 ParOldGen       total 397312K, used 84176K [0x00000006c0000000, 0x00000006d8400000, 0x000000076ab00000)
  object space 397312K, 21% used [0x00000006c0000000,0x00000006c52340d0,0x00000006d8400000)
 Metaspace       used 26088K, capacity 27214K, committed 27520K, reserved 1073152K
  class space    used 2771K, capacity 3140K, committed 3200K, reserved 1048576K
GC Heap History (10 events):
Event: 380.394 GC heap before
{Heap before GC invocations=667 (full 7):
 PSYoungGen      total 1360896K, used 1343433K [0x000000076ab00000, 0x00000007bff00000, 0x00000007c0000000)
  eden space 1329152K, 100% used [0x000000076ab00000,0x00000007bbd00000,0x00000007bbd00000)
  from space 31744K, 44% used [0x00000007bbd00000,0x00000007bcaf2680,0x00000007bdc00000)
  to   space 30208K, 0% used [0x00000007be180000,0x00000007be180000,0x00000007bff00000)
 ParOldGen       total 397312K, used 323191K [0x00000006c0000000, 0x00000006d8400000, 0x000000076ab00000)
  object space 397312K, 81% used [0x00000006c0000000,0x00000006d3b9df98,0x00000006d8400000)
 Metaspace       used 25990K, capacity 27082K, committed 27264K, reserved 1073152K
  class space    used 2762K, capacity 3140K, committed 3200K, reserved 1048576K
Event: 380.399 GC heap after
Heap after GC invocations=667 (full 7):
 PSYoungGen      total 1364480K, used 16060K [0x000000076ab00000, 0x00000007bfd80000, 0x00000007c0000000)
  eden space 1335808K, 0% used [0x000000076ab00000,0x000000076ab00000,0x00000007bc380000)
  from space 28672K, 56% used [0x00000007be180000,0x00000007bf12f2d8,0x00000007bfd80000)
  to   space 29696K, 0% used [0x00000007bc380000,0x00000007bc380000,0x00000007be080000)
 ParOldGen       total 397312K, used 323776K [0x00000006c0000000, 0x00000006d8400000, 0x000000076ab00000)
  object space 397312K, 81% used [0x00000006c0000000,0x00000006d3c30118,0x00000006d8400000)
 Metaspace       used 25990K, capacity 27082K, committed 27264K, reserved 1073152K
  class space    used 2762K, capacity 3140K, committed 3200K, reserved 1048576K
}
Event: 380.796 GC heap before
{Heap before GC invocations=668 (full 7):
 PSYoungGen      total 1364480K, used 1351868K [0x000000076ab00000, 0x00000007bfd80000, 0x00000007c0000000)
  eden space 1335808K, 100% used [0x000000076ab00000,0x00000007bc380000,0x00000007bc380000)
  from space 28672K, 56% used [0x00000007be180000,0x00000007bf12f2d8,0x00000007bfd80000)
  to   space 29696K, 0% used [0x00000007bc380000,0x00000007bc380000,0x00000007be080000)
 ParOldGen       total 397312K, used 323776K [0x00000006c0000000, 0x00000006d8400000, 0x000000076ab00000)
  object space 397312K, 81% used [0x00000006c0000000,0x00000006d3c30118,0x00000006d8400000)
 Metaspace       used 25990K, capacity 27082K, committed 27264K, reserved 1073152K
  class space    used 2762K, capacity 3140K, committed 3200K, reserved 1048576K
Event: 380.800 GC heap after
Heap after GC invocations=668 (full 7):
 PSYoungGen      total 1365504K, used 5988K [0x000000076ab00000, 0x00000007c0000000, 0x00000007c0000000)
  eden space 1335808K, 0% used [0x000000076ab00000,0x000000076ab00000,0x00000007bc380000)
  from space 29696K, 20% used [0x00000007bc380000,0x00000007bc9593d0,0x00000007be080000)
  to   space 29184K, 0% used [0x00000007be380000,0x00000007be380000,0x00000007c0000000)
 ParOldGen       total 397312K, used 325016K [0x00000006c0000000, 0x00000006d8400000, 0x000000076ab00000)
  object space 397312K, 81% used [0x00000006c0000000,0x00000006d3d66268,0x00000006d8400000)
 Metaspace       used 25990K, capacity 27082K, committed 27264K, reserved 1073152K
  class space    used 2762K, capacity 3140K, committed 3200K, reserved 1048576K
}
Event: 381.199 GC heap before
{Heap before GC invocations=669 (full 7):
 PSYoungGen      total 1365504K, used 1341796K [0x000000076ab00000, 0x00000007c0000000, 0x00000007c0000000)
  eden space 1335808K, 100% used [0x000000076ab00000,0x00000007bc380000,0x00000007bc380000)
  from space 29696K, 20% used [0x00000007bc380000,0x00000007bc9593d0,0x00000007be080000)
  to   space 29184K, 0% used [0x00000007be380000,0x00000007be380000,0x00000007c0000000)
 ParOldGen       total 397312K, used 325016K [0x00000006c0000000, 0x00000006d8400000, 0x000000076ab00000)
  object space 397312K, 81% used [0x00000006c0000000,0x00000006d3d66268,0x00000006d8400000)
 Metaspace       used 26005K, capacity 27082K, committed 27264K, reserved 1073152K
  class space    used 2763K, capacity 3140K, committed 3200K, reserved 1048576K
Event: 381.205 GC heap after
Heap after GC invocations=669 (full 7):
 PSYoungGen      total 1367552K, used 18495K [0x000000076ab00000, 0x00000007c0000000, 0x00000007c0000000)
  eden space 1338368K, 0% used [0x000000076ab00000,0x000000076ab00000,0x00000007bc600000)
  from space 29184K, 63% used [0x00000007be380000,0x00000007bf58fd88,0x00000007c0000000)
  to   space 29696K, 0% used [0x00000007bc600000,0x00000007bc600000,0x00000007be300000)
 ParOldGen       total 397312K, used 325864K [0x00000006c0000000, 0x00000006d8400000, 0x000000076ab00000)
  object space 397312K, 82% used [0x00000006c0000000,0x00000006d3e3a3e8,0x00000006d8400000)
 Metaspace       used 26005K, capacity 27082K, committed 27264K, reserved 1073152K
  class space    used 2763K, capacity 3140K, committed 3200K, reserved 1048576K
}
Event: 381.224 GC heap before
{Heap before GC invocations=670 (full 7):
 PSYoungGen      total 1367552K, used 74439K [0x000000076ab00000, 0x00000007c0000000, 0x00000007c0000000)
  eden space 1338368K, 4% used [0x000000076ab00000,0x000000076e1a2128,0x00000007bc600000)
  from space 29184K, 63% used [0x00000007be380000,0x00000007bf58fd88,0x00000007c0000000)
  to   space 29696K, 0% used [0x00000007bc600000,0x00000007bc600000,0x00000007be300000)
 ParOldGen       total 397312K, used 325864K [0x00000006c0000000, 0x00000006d8400000, 0x000000076ab00000)
  object space 397312K, 82% used [0x00000006c0000000,0x00000006d3e3a3e8,0x00000006d8400000)
 Metaspace       used 26019K, capacity 27082K, committed 27264K, reserved 1073152K
  class space    used 2764K, capacity 3140K, committed 3200K, reserved 1048576K
Event: 381.226 GC heap after
Heap after GC invocations=670 (full 7):
 PSYoungGen      total 1338880K, used 480K [0x000000076ab00000, 0x00000007c0000000, 0x00000007c0000000)
  eden space 1338368K, 0% used [0x000000076ab00000,0x000000076ab00000,0x00000007bc600000)
  from space 512K, 93% used [0x00000007bc600000,0x00000007bc678000,0x00000007bc680000)
  to   space 30208K, 0% used [0x00000007be280000,0x00000007be280000,0x00000007c0000000)
 ParOldGen       total 397312K, used 326685K [0x00000006c0000000, 0x00000006d8400000, 0x000000076ab00000)
  object space 397312K, 82% used [0x00000006c0000000,0x00000006d3f07578,0x00000006d8400000)
 Metaspace       used 26019K, capacity 27082K, committed 27264K, reserved 1073152K
  class space    used 2764K, capacity 3140K, committed 3200K, reserved 1048576K
}
Event: 381.226 GC heap before
{Heap before GC invocations=671 (full 8):
 PSYoungGen      total 1338880K, used 480K [0x000000076ab00000, 0x00000007c0000000, 0x00000007c0000000)
  eden space 1338368K, 0% used [0x000000076ab00000,0x000000076ab00000,0x00000007bc600000)
  from space 512K, 93% used [0x00000007bc600000,0x00000007bc678000,0x00000007bc680000)
  to   space 30208K, 0% used [0x00000007be280000,0x00000007be280000,0x00000007c0000000)
 ParOldGen       total 397312K, used 326685K [0x00000006c0000000, 0x00000006d8400000, 0x000000076ab00000)
  object space 397312K, 82% used [0x00000006c0000000,0x00000006d3f07578,0x00000006d8400000)
 Metaspace       used 26019K, capacity 27082K, committed 27264K, reserved 1073152K
  class space    used 2764K, capacity 3140K, committed 3200K, reserved 1048576K
Event: 381.425 GC heap after
Heap after GC invocations=671 (full 8):
 PSYoungGen      total 1338880K, used 0K [0x000000076ab00000, 0x00000007c0000000, 0x00000007c0000000)
  eden space 1338368K, 0% used [0x000000076ab00000,0x000000076ab00000,0x00000007bc600000)
  from space 512K, 0% used [0x00000007bc600000,0x00000007bc600000,0x00000007bc680000)
  to   space 30208K, 0% used [0x00000007be280000,0x00000007be280000,0x00000007c0000000)
 ParOldGen       total 397312K, used 84176K [0x00000006c0000000, 0x00000006d8400000, 0x000000076ab00000)
  object space 397312K, 21% used [0x00000006c0000000,0x00000006c52340d0,0x00000006d8400000)
 Metaspace       used 26019K, capacity 27082K, committed 27264K, reserved 1073152K
  class space    used 2764K, capacity 3140K, committed 3200K, reserved 1048576K
}

